2024-06-17 21:27:50	1d5c44ea-7b62-41ba-a723-07e46db05d45	GET	undefined	/
2024-06-17 21:27:50	225b7a4f-22f3-4797-a1b5-605c89eeaf3a	GET	undefined	/favicon.ico
2024-06-17 21:42:54	d592fbb6-96a5-49e9-9911-c99c6d1fc2e6	GET	undefined	/api/v1/docs/
2024-06-17 21:42:54	85db82fb-be49-4154-b9e4-f859d0e95992	GET	undefined	/api/v1/docs/swagger-ui.css
2024-06-17 21:42:54	18cf8dfa-aa87-434e-8bfa-79b765a0100e	GET	undefined	/api/v1/docs/swagger-ui-bundle.js
2024-06-17 21:42:54	e9480f6c-1ada-4176-aaf4-93fd1fbd777f	GET	undefined	/api/v1/docs/swagger-ui-standalone-preset.js
2024-06-17 21:42:54	c72c4f58-ab1d-486f-80cc-484fe7512b8e	GET	undefined	/api/v1/docs/swagger-ui-init.js
2024-06-17 21:42:54	ed0ee73a-5687-41d0-afba-c64843351204	GET	undefined	/api/v1/docs/favicon-32x32.png
2024-06-17 21:42:57	9cf9049b-a690-4787-afa1-4f6ce7fc3564	GET	undefined	/
2024-06-17 21:42:57	b83414d4-bf05-404f-b22b-4ac9f3feea94	GET	undefined	/favicon.ico
2024-06-17 21:44:34	6ebc0602-475e-4d3b-a803-8084d76a6618	GET	undefined	/
2024-06-17 21:44:34	0161b476-8270-4162-bb17-004d0222e724	GET	undefined	/favicon.ico
2024-06-17 21:44:36	fd945dca-9699-4df0-9e82-4606e748bca1	GET	undefined	/api/v1/docs/
2024-06-17 21:44:36	898eb9ee-5dff-400c-924a-552424f1a377	GET	undefined	/api/v1/docs/swagger-ui.css
2024-06-17 21:44:36	5ab3502d-a66f-42ca-a658-933c0cbbf6d8	GET	undefined	/api/v1/docs/swagger-ui-bundle.js
2024-06-17 21:44:36	3f08c4f3-710a-49db-8333-255db1700ec9	GET	undefined	/api/v1/docs/swagger-ui-standalone-preset.js
2024-06-17 21:44:36	194e8db6-6216-4623-a794-135902810853	GET	undefined	/api/v1/docs/swagger-ui-init.js
2024-06-17 21:57:00	59c8b221-6fbb-4c5b-a5b8-6abac1df55b7	GET	undefined	/
2024-06-17 21:57:00	d8a02963-8eea-4c64-8c69-b48aa1bf1d60	GET	undefined	/favicon.ico
2024-06-17 22:12:41	724ae008-bb1f-4449-81b0-fc3846884ab3	GET	undefined	/
2024-06-17 22:12:41	a7821d47-f469-4e0a-8e65-222eff017b79	GET	undefined	/favicon.ico
2024-06-17 22:12:44	ede90c8b-bac7-4310-a8d0-439624a9a191	GET	undefined	/api/v1/docs/
2024-06-17 22:12:44	ce03170c-7498-4864-a993-020b82da082c	GET	undefined	/api/v1/docs/swagger-ui.css
2024-06-17 22:12:44	c034d28b-d39a-49b9-b079-f2ccf82a00e3	GET	undefined	/api/v1/docs/swagger-ui-bundle.js
2024-06-17 22:12:44	14b314fa-2a0c-4e6e-b218-5ec0f9cbbaf5	GET	undefined	/api/v1/docs/swagger-ui-standalone-preset.js
2024-06-17 22:12:44	f798a21a-cc76-41cc-9a31-ebb2186c87c4	GET	undefined	/api/v1/docs/swagger-ui-init.js
2024-06-17 22:12:51	f645a306-a385-44e5-8df6-9a289c3dacd7	POST	undefined	/api/v1/items/
2024-06-17 22:13:26	d901eaf9-98a9-47e6-982e-25afc98b3218	POST	undefined	/api/v1/items/
2024-06-17 22:13:41	dff935d8-4005-4453-932b-829d740275ab	GET	undefined	/api/v1/items
2024-06-17 22:13:41	a4e147aa-b63f-4392-96fe-3e3197e6f075	POST	undefined	/api/v1/items
2024-06-17 22:13:41	edda00af-1f23-4d0c-83f7-3410ff3c7c09	POST	undefined	/api/v1/items
2024-06-17 22:13:41	cddf4121-6332-4560-aa29-05c630c6b14b	PUT	undefined	/api/v1/items/1
2024-06-17 22:13:41	b97c6f49-8feb-4bed-bd58-0b23280e227d	DELETE	undefined	/api/v1/items/1
2024-06-17 22:13:41	83b960dd-fea1-4f18-9846-cb6d6bb46f9b	GET	undefined	/api/v1/items
2024-06-17 22:13:41	8d72aaac-c0ab-47e4-a4aa-bc20628dfcd7	POST	undefined	/api/v1/items
2024-06-17 22:13:41	49a4356f-3067-47ea-bbab-223a76fb22c9	PUT	undefined	/api/v1/items/1
2024-06-17 22:13:41	3f138eeb-2a8e-4b5b-b125-10f8a135797a	DELETE	undefined	/api/v1/items/1
2024-06-18 10:13:55	28f2c3df-2e7a-437a-9044-9fd50280379b	GET	undefined	/api/v1/docs/
2024-06-18 10:13:55	319684e8-e8e9-4f7e-90b6-2a7942bd5dc6	GET	undefined	/api/v1/docs/swagger-ui.css
2024-06-18 10:13:55	d9f19af3-b41a-43e6-bb86-2623c895b52a	GET	undefined	/api/v1/docs/swagger-ui-bundle.js
2024-06-18 10:13:55	03e054d2-1396-4cfa-b4e3-e123d4ede16c	GET	undefined	/api/v1/docs/swagger-ui-standalone-preset.js
2024-06-18 10:13:55	7be96f34-6d0d-4d57-991b-cb24d4458a50	GET	undefined	/api/v1/docs/swagger-ui-init.js
2024-06-18 10:28:30	d4652648-b245-45a8-8f6f-a581186a9f10	GET	undefined	/api/v1/docs/
2024-06-18 10:28:30	57afa628-4496-4af7-9d24-7e363a2ab908	GET	undefined	/api/v1/docs/swagger-ui.css
2024-06-18 10:28:30	73f6681e-6709-4f9c-86fb-0544693e9943	GET	undefined	/api/v1/docs/swagger-ui-bundle.js
2024-06-18 10:28:30	f8d709ab-cc16-4042-a060-08d176a98f94	GET	undefined	/api/v1/docs/swagger-ui-standalone-preset.js
2024-06-18 10:28:30	3334d067-ead4-4413-96cf-11d9268d2544	GET	undefined	/api/v1/docs/swagger-ui-init.js
2024-06-18 10:28:31	2cf67a65-116f-44df-ad4e-5071a128e18d	GET	undefined	/favicon.ico
2024-06-18 10:28:33	d7d25238-3d67-4fb8-a898-2b3f5548354f	GET	undefined	/
2024-06-18 10:28:33	c7e23ba0-d600-4180-bcb9-8b2f96c4271f	GET	undefined	/favicon.ico
2024-06-18 10:28:47	3942c0c3-58d3-4188-ba3a-d2bb64c7fbc7	GET	undefined	/api/v1/items
2024-06-18 10:28:47	2d311fcc-fc37-4584-909d-524f474abb3f	GET	undefined	/favicon.ico
2024-06-18 10:41:09	f90ead94-5c82-4f77-92f2-120713099aa9	GET	undefined	/api/v1/items
2024-06-18 10:41:09	6369ad01-f122-403d-b8dc-9e0cc75d5d7d	GET	undefined	/favicon.ico
2024-06-18 10:41:15	7d42e75b-de19-4179-adc7-e5f70ca9d3f8	GET	undefined	/api/v1/items
2024-06-18 10:41:15	0656d1cd-2799-4ae0-ae92-2f082f25626f	GET	undefined	/favicon.ico
2024-06-18 10:41:26	79167d4d-a0a7-42a3-b24c-829fd1f64ad3	GET	undefined	/api/v1/items
2024-06-18 10:41:26	0e2e943e-2ba9-4514-8f66-2cb79f90d190	GET	undefined	/favicon.ico
2024-06-18 10:44:02	ea051275-f36e-4210-a4fa-126ad89facac	GET	undefined	/a
2024-06-18 10:44:02	7944fe5b-5587-445c-bc8d-0b876c20c141	GET	undefined	/favicon.ico
2024-06-18 10:44:06	dc3e236c-a17f-476c-8f2c-49771a3c2188	GET	undefined	/
2024-06-18 10:44:06	f6e47fa5-a82c-4f24-84f1-04bee4c244ab	GET	undefined	/favicon.ico
2024-06-18 10:45:53	7508d8ee-b84c-4d33-9dd3-4696b8a85a6d	GET	undefined	/favicon.ico
2024-06-18 10:45:54	f3dd3a37-ded2-4bce-900b-800af7a1b768	GET	undefined	/favicon.ico
2024-06-18 10:45:55	5e26a56d-e496-4bac-ad6a-45de78dab62c	GET	undefined	/api/v1/items
2024-06-18 10:45:55	6e11fefb-4c5c-4f9c-bfb4-a8960597d8c3	GET	undefined	/favicon.ico
2024-06-18 10:47:02	83bb9e6d-2973-4279-b43c-83e56c33a04d	GET	undefined	/api/v1/items
2024-06-18 10:47:02	fe47bb9d-d363-4332-b5f8-5c5c108417cd	GET	undefined	/favicon.ico
2024-06-18 10:50:05	e8409121-796e-4bff-8e50-878125bf5aac	GET	undefined	/api/v1/items
2024-06-18 10:50:05	de7e9897-6c2a-49a7-99aa-24f491656b06	GET	undefined	/favicon.ico
2024-06-18 10:50:17	292af804-9f4b-449e-a459-dc49d9db9dfe	GET	undefined	/api/v1/docs/
2024-06-18 10:50:17	21295862-5933-42c6-8738-19bd969a5d09	GET	undefined	/api/v1/docs/swagger-ui.css
2024-06-18 10:50:17	dd7e31c1-5883-4a5e-9b6a-e67cab0e802a	GET	undefined	/api/v1/docs/swagger-ui-bundle.js
2024-06-18 10:50:17	064c9f42-90b4-426f-aaa0-c5ee6f2c619e	GET	undefined	/api/v1/docs/swagger-ui-standalone-preset.js
2024-06-18 10:50:17	52aae703-b6ab-4a7e-a31e-1bfbb83e7d88	GET	undefined	/api/v1/docs/swagger-ui-init.js
2024-06-18 10:50:27	e6d6913d-bfef-483e-97c4-066e2bec28d7	GET	undefined	/api/v1/items
2024-06-18 10:50:27	d092a877-cbb8-4a39-907f-e86350ecdb03	GET	undefined	/favicon.ico
2024-06-18 10:50:43	98c2e271-d0c3-43d5-8f1c-2a48eac54bb3	GET	undefined	/api/v1/items
2024-06-18 10:50:43	93cc746e-425f-4da4-94e6-1e3c63da79ff	GET	undefined	/favicon.ico
2024-06-18 10:50:44	6018a566-04f0-46f4-9210-fa1939b5bf36	GET	undefined	/api/v1/items
2024-06-18 10:50:44	d9c219d3-78a9-46a5-88b1-250682895ad8	GET	undefined	/favicon.ico
2024-06-18 10:51:40	824cd5b8-87bf-4d03-80fb-7341329ee62c	GET	undefined	/api/v1/items
2024-06-18 10:51:40	4c49843e-a149-422d-bda6-3204030b1c3f	GET	undefined	/favicon.ico
2024-06-18 10:51:41	273bb2f2-2e17-43ca-b444-b536737a8959	GET	undefined	/api/v1/items
2024-06-18 10:51:41	d7660845-6b85-4aab-9fdd-40c734026a6e	GET	undefined	/favicon.ico
2024-06-18 10:51:41	19f572de-a7d8-49c6-a021-f86eca0ee8e4	GET	undefined	/api/v1/items
2024-06-18 10:51:41	5c09d9e2-b1ce-4346-ab40-042fc4c2f2f1	GET	undefined	/favicon.ico
2024-06-18 10:51:41	58aa567a-5e36-433e-82c7-02fd8eed11ec	GET	undefined	/api/v1/items
2024-06-18 10:51:41	7dc45185-81bb-45e3-94db-94aa6ed604d3	GET	undefined	/favicon.ico
2024-06-18 10:51:42	cb74bf0a-22dc-4cef-bc51-c277a7591dd8	GET	undefined	/api/v1/items
2024-06-18 10:51:42	bceb7f8b-98bb-49cb-b6f0-379433903005	GET	undefined	/favicon.ico
2024-06-18 10:54:01	637192eb-4f77-482f-a7c2-dcfc56103298	GET	undefined	/api/v1/items
2024-06-18 10:54:01	34bb65be-4745-47f5-9cf4-c6754378e748	GET	undefined	/favicon.ico
2024-06-18 10:54:02	61206440-1810-423c-952f-2880ed44ef0f	GET	undefined	/api/v1/items
2024-06-18 10:54:02	022d672f-0dab-4648-a40c-be309cec2991	GET	undefined	/favicon.ico
2024-06-18 10:54:02	3a934aab-734a-41a6-a9f7-2f7eebb89d71	GET	undefined	/api/v1/items
2024-06-18 10:54:02	afc7c46b-cff7-4b8f-bc3a-acf4f440bf5b	GET	undefined	/favicon.ico
2024-06-18 10:54:02	b6224e26-f77d-4c23-8c7e-d4323bc09480	GET	undefined	/api/v1/items
2024-06-18 10:54:02	bce21f65-8dea-4d15-85e7-2da3c015e01d	GET	undefined	/favicon.ico
2024-06-18 10:54:02	ad2ae93d-98a6-4d84-a760-3125de7af1e8	GET	undefined	/api/v1/items
2024-06-18 10:54:02	2bdb3986-9850-4091-8f6f-545ecffd120e	GET	undefined	/favicon.ico
2024-06-18 10:54:03	0f64e76b-24ec-4d20-a636-9c5abe24fc62	GET	undefined	/api/v1/items
2024-06-18 10:54:03	0d8c79d2-b89c-4f23-96e0-c9e29a900ec1	GET	undefined	/favicon.ico
2024-06-18 10:54:03	3bad4107-5718-4e3f-9dc7-c2aefc2992ab	GET	undefined	/api/v1/items
2024-06-18 10:54:03	c69ceae5-b2e4-402b-9958-92410315d1e5	GET	undefined	/favicon.ico
2024-06-18 10:54:03	e80dda2b-ab0d-459d-b508-15b1e76815ca	GET	undefined	/api/v1/items
2024-06-18 10:54:03	caeb1c1b-384f-44ee-b81a-0ef148568a1b	GET	undefined	/favicon.ico
2024-06-18 10:54:03	2624cbc8-f146-4599-a405-18811b4c33d5	GET	undefined	/api/v1/items
2024-06-18 10:54:03	baec94cf-3dfa-4f84-87a2-3a359a22d0e0	GET	undefined	/favicon.ico
2024-06-18 10:54:03	6126f43c-389a-4098-b37c-e38c2b5d2482	GET	undefined	/api/v1/items
2024-06-18 10:54:03	3f9ae5e0-f4e5-48b0-aeaa-c688b0dbe58f	GET	undefined	/favicon.ico
2024-06-18 10:54:04	8185c3f2-c7f2-432f-b5c1-6f0c89d23dee	GET	undefined	/api/v1/items
2024-06-18 10:54:04	25dea027-d949-4f88-a952-3ef92174663a	GET	undefined	/favicon.ico
2024-06-18 10:54:04	59880c7a-4b6e-4bf2-80dd-c38f18b3fd45	GET	undefined	/api/v1/items
2024-06-18 10:54:04	ee72f33d-5e41-413d-b660-c1df212008fc	GET	undefined	/favicon.ico
2024-06-18 10:56:23	6a2c1960-47d2-4b74-8552-d39f55347ba5	GET	undefined	/api/v1/items
2024-06-18 10:56:23	480f33f6-6cc3-4969-84eb-b935ce20f590	GET	undefined	/favicon.ico
2024-06-18 10:57:05	2c8b9a78-1e3a-44be-b89f-268de79b0e5d	GET	undefined	/api/v1/items
2024-06-18 10:57:05	4a67bbaa-faa1-4efa-9238-525bec8536c0	GET	undefined	/favicon.ico
2024-06-18 10:57:06	adb37826-6c54-44b3-8c5c-e5f02d963020	GET	undefined	/api/v1/items
2024-06-18 10:57:06	d4c4cb41-55c9-4f4a-9a96-db78f19b8701	GET	undefined	/favicon.ico
2024-06-18 10:57:07	02368f42-aa47-457f-a824-dc56fe38954b	GET	undefined	/api/v1/items
2024-06-18 10:57:07	e03d2691-e344-47fd-bd0f-8deacd44c8fc	GET	undefined	/favicon.ico
2024-06-18 10:57:07	1dd3070f-ce78-449b-9fbd-4a336efda88e	GET	undefined	/api/v1/items
2024-06-18 10:57:07	8ab875af-821c-417b-95cc-74f7e569d20d	GET	undefined	/favicon.ico
2024-06-18 10:57:08	950c0153-2a47-493e-bebe-0eb049d4b0d3	GET	undefined	/api/v1/items
2024-06-18 10:57:08	8d155d90-6500-41fb-b8c2-d1d8266211ce	GET	undefined	/favicon.ico
2024-06-18 11:09:03	f6ee51c3-7aba-4e18-bc9d-8909cdec5a02	GET	undefined	/api/v1/items
2024-06-18 11:09:03	40851296-0418-4c82-965b-a6cc496bc430	GET	undefined	/favicon.ico
2024-06-18 11:09:24	3614f8ec-32de-49fb-b291-e0cf8ae25204	GET	undefined	/api/v1/items
2024-06-18 11:09:24	9ac684a0-183e-4fb3-9a05-df18bb6b5fe1	GET	undefined	/favicon.ico
2024-06-18 11:09:48	423bac74-eeb6-40c3-84c1-749653f83cb9	POST	undefined	/api/v1/items/
2024-06-18 11:09:51	968c0eb4-9352-41f3-9e3f-860dd38efc6c	GET	undefined	/api/v1/items
2024-06-18 11:09:51	8f863e40-fdcb-4e83-840f-83683ab8a780	GET	undefined	/favicon.ico
2024-06-18 11:11:06	df921886-14d5-4194-8f45-cc3df69b2884	GET	undefined	/
2024-06-18 11:11:06	f2bb84f8-1308-4880-be13-8abe9f57eea1	GET	undefined	/favicon.ico
2024-06-18 11:14:56	dc93b6db-1fd8-4010-b8c5-cb5fd1428db6	GET	undefined	/api/v1/items
2024-06-18 11:14:56	b0f60d83-9e36-4649-9efe-a38b3547cbf3	GET	undefined	/favicon.ico
2024-06-18 11:14:58	89f5274d-696b-4fcc-88d1-ad4f6b476744	GET	undefined	/api/v1/items
2024-06-18 11:14:59	ff0d49d1-4a8e-445b-bc58-c189a639e19a	GET	undefined	/api/v1/items
2024-06-18 11:15:10	fb915912-a10f-4137-a229-ec654fd11a27	GET	undefined	/api/v1/items
2024-06-18 11:15:10	ba51e865-00ee-44e9-a3dd-2fc4b9110671	GET	undefined	/favicon.ico
2024-06-18 11:16:09	89e9fd4d-ab21-4a76-8396-7cb31b34e680	GET	undefined	/api/v1/items
2024-06-18 11:16:09	54137bd1-ff25-4df2-bedc-ea798a23b851	GET	undefined	/favicon.ico
2024-06-18 11:16:10	2a3cfb31-c6f5-42a8-af35-7e379e8ab9c6	GET	undefined	/api/v1/items
2024-06-18 11:16:10	5b02ff67-5063-4ee2-b4f7-373c58659ecf	GET	undefined	/favicon.ico
2024-06-18 11:17:23	46e2a11c-9fc9-49b0-b431-72153b7233db	GET	undefined	/api/v1/items
2024-06-18 11:17:23	0de393ad-ee1f-464d-8129-8d4a9a6f1549	GET	undefined	/favicon.ico
2024-06-18 11:26:01	d76fa937-809c-4444-ad23-0ff712476653	GET	undefined	/api/v1/items
2024-06-18 11:26:01	6fe91587-40a1-4a4b-88a9-78beb0e094e2	POST	undefined	/api/v1/items
2024-06-18 11:26:01	1e0c0634-bc8f-44c8-9df0-bee5776b3cf6	PUT	undefined	/api/v1/items/1
2024-06-18 11:26:01	eb0cbe34-11e7-4f72-a7da-ec10e66a43fa	DELETE	undefined	/api/v1/items/1
2024-06-18 11:30:13	8b94d446-71c1-4a4a-88d7-9cf2458a0116	GET	undefined	/api/v1/items
2024-06-18 11:30:13	d2a19f11-6842-4dc3-86fa-17197e145409	POST	undefined	/api/v1/items
2024-06-18 11:30:13	556117ec-1b97-419e-ba67-089ad6f0407e	PUT	undefined	/api/v1/items/1
2024-06-18 11:30:13	591f4f10-9cf8-4143-b807-e15adcc583dd	DELETE	undefined	/api/v1/items/1
2024-06-18 11:42:00	03efff38-c416-413e-97fb-3ca7f491e097	GET	undefined	/api/v1/items
2024-06-18 11:42:00	7a9453fe-85a8-49d2-8d64-30fef2c9cdc1	POST	undefined	/api/v1/items
2024-06-18 11:42:00	6e26d126-1867-4d1f-8110-1dc20538b71b	PUT	undefined	/api/v1/items/1
2024-06-18 11:42:00	d0ab023a-08db-4d0c-ab6b-5813cab54e7d	DELETE	undefined	/api/v1/items/1
2024-06-18 11:48:36	9f10240d-2dfe-4ebc-9a62-324d0ec76e26	GET	undefined	/api/v1/items
2024-06-18 11:48:36	c826fab4-8d70-469d-a8fd-cf0475964792	POST	undefined	/api/v1/items
2024-06-18 11:48:36	5de61f5a-4ac8-4967-b607-087827223190	PUT	undefined	/api/v1/items/1
2024-06-18 11:48:36	13e7bc9c-d72f-440c-b9ca-1eb37a3a30b7	DELETE	undefined	/api/v1/items/1
2024-06-18 11:49:30	c62afdec-d56d-432a-bd77-ad97386c6409	GET	undefined	/api/v1/items
2024-06-18 11:49:30	61c8f68a-668b-40ca-93b4-10c97cf42ebc	POST	undefined	/api/v1/items
2024-06-18 11:49:30	0675b3a0-8a49-4fd8-85af-8ec93ba14a86	PUT	undefined	/api/v1/items/1
2024-06-18 11:49:30	e864af5f-e84e-46d3-af72-4a520b1d672a	DELETE	undefined	/api/v1/items/1
2024-06-18 11:50:39	635a4ae6-bb7c-4c94-986b-b64c458260d4	GET	undefined	/api/v1/items
2024-06-18 11:50:39	5063357e-228f-4feb-add8-01748683f4c9	POST	undefined	/api/v1/items
2024-06-18 11:50:39	e2313248-e1a9-4522-be87-671483081a23	PUT	undefined	/api/v1/items/1
2024-06-18 11:50:39	b9b046e7-9c6b-440d-a3db-b744c533d031	DELETE	undefined	/api/v1/items/1
2024-06-18 11:51:28	e197aa23-5e11-4e08-9a5a-cf3f9bca642c	GET	undefined	/api/v1/items
2024-06-18 11:51:28	02cde846-5a5c-4679-baed-216092ddab92	POST	undefined	/api/v1/items
2024-06-18 11:51:28	dcb51468-8a5e-46f2-9fab-dd92191dc1cf	PUT	undefined	/api/v1/items/1
2024-06-18 11:51:28	165b5dca-e1bf-4a2a-b475-82d1ca0594d5	DELETE	undefined	/api/v1/items/1
2024-06-18 11:53:33	060fc54a-e67d-4b76-a83d-e6248bc2c59a	GET	undefined	/api/v1/items
2024-06-18 11:53:33	bb3ea9db-6f0f-4721-8f20-cba38523078a	GET	undefined	/favicon.ico
2024-06-18 11:53:37	4386ebc6-4397-44e2-9afd-47e92ffac1a9	GET	undefined	/
2024-06-18 11:53:37	b11a648e-61b7-4444-8392-505d9a3fd0df	GET	undefined	/favicon.ico
2024-06-18 11:54:12	f85deacf-a2d7-44e1-9b33-6025b6d1f7c7	GET	undefined	/api/v1/items
2024-06-18 11:54:12	3d3f4f76-ddb2-4257-80dd-b64c9dc12ff4	POST	undefined	/api/v1/items
2024-06-18 11:54:12	dba1bbbc-8058-434c-9f9c-df9b9e715b18	PUT	undefined	/api/v1/items/1
2024-06-18 11:54:12	ac84f72b-de92-4ffc-86d4-3e38884262f1	DELETE	undefined	/api/v1/items/1
2024-06-18 11:56:16	21e65239-a874-4dd1-8d1d-a28e1f4ac982	GET	undefined	/api/v1/items
2024-06-18 11:56:16	0dfc48da-303d-43dc-ab24-f0ab5b2ee4c8	POST	undefined	/api/v1/items
2024-06-18 11:56:16	b7e46089-20a9-4b37-8a84-bf3933b98b6a	PUT	undefined	/api/v1/items/1
2024-06-18 11:56:16	bb3e4eeb-805f-4cf9-b2e7-6b3fd81cef9f	DELETE	undefined	/api/v1/items/1
2024-06-18 11:56:35	9a754813-7266-475e-bd0b-e4c8fc241469	GET	undefined	/api/v1/items
2024-06-18 11:56:35	a1600557-72ae-4874-9bf4-4fc15c7c09d0	POST	undefined	/api/v1/items
2024-06-18 11:56:35	2eb1ddca-8041-432d-a35d-ee95a57e4933	PUT	undefined	/api/v1/items/1
2024-06-18 11:56:35	1708f8d0-0e6b-419c-9e6e-fb3918fcb820	DELETE	undefined	/api/v1/items/1
2024-06-18 11:56:59	40bf0801-50db-44f6-88e0-d50fc54e60fd	GET	undefined	/api/v1/items
2024-06-18 11:56:59	fb3c58c6-9b95-49fd-ae99-2690bf4dc2da	POST	undefined	/api/v1/items
2024-06-18 11:56:59	566c2b43-44b6-4845-bb88-305089c9d840	PUT	undefined	/api/v1/items/1
2024-06-18 11:56:59	f7490727-b40b-4705-9ac8-c372c0f7fb35	DELETE	undefined	/api/v1/items/1
2024-06-18 12:06:51	15cdbfc7-7e16-40d6-a409-548f9f707a51	GET	undefined	/api/v1/items
2024-06-18 12:06:51	962b72c3-f7dd-4a49-9de2-1c6342ae95e4	POST	undefined	/api/v1/items
2024-06-18 12:06:51	82ddbd56-67f5-4da1-bf99-790927473f75	PUT	undefined	/api/v1/items/1
2024-06-18 12:06:51	3739935a-44e4-4f9c-859c-0ea6388611b2	DELETE	undefined	/api/v1/items/1
2024-06-18 12:07:44	a0c4116b-2b28-4965-9fa0-38e04fa5253f	GET	undefined	/api/v1/items
2024-06-18 12:07:44	34277a88-14a1-4f27-9ccb-c0bc4689318d	POST	undefined	/api/v1/items
2024-06-18 12:07:44	f079ba50-dbd1-42a9-8ea2-0138b5d3b894	PUT	undefined	/api/v1/items/1
2024-06-18 12:07:44	9e0ce201-102e-4702-8f37-5075b35aaced	DELETE	undefined	/api/v1/items/1
2024-06-18 12:08:39	12cb4021-01f9-4e0d-b31b-66bf4c556b31	GET	undefined	/api/v1/items
2024-06-18 12:08:39	6434ace0-4913-4f05-81f3-f360dac82e28	POST	undefined	/api/v1/items
2024-06-18 12:08:39	55b0ee60-9df8-47de-876d-9cc77b5b64ab	PUT	undefined	/api/v1/items/1
2024-06-18 12:08:39	a87283b8-70ae-42a5-a250-2167cfbcf4b6	DELETE	undefined	/api/v1/items/1
2024-06-18 12:09:03	666bf2bb-5584-4288-9750-f325b27d1274	GET	undefined	/api/v1/items
2024-06-18 12:09:03	b5d707b0-748b-4598-b64c-603875778e82	POST	undefined	/api/v1/items
2024-06-18 12:09:03	5a749a7f-4825-4a62-a679-a314962ec029	PUT	undefined	/api/v1/items/1
2024-06-18 12:09:03	1107a910-a1b3-4267-8a99-c9ab8440ccf3	DELETE	undefined	/api/v1/items/1
2024-06-18 12:09:45	a80133a2-57a5-4fd0-9906-d70513466a14	GET	undefined	/api/v1/items
2024-06-18 12:09:45	c3d9a706-7391-4677-87ed-44799f558ff2	POST	undefined	/api/v1/items
2024-06-18 12:09:45	9dda48cd-09b0-4726-b61a-33f765e7437b	PUT	undefined	/api/v1/items/1
2024-06-18 12:09:45	e481b3a9-5e5d-4872-a73f-44773b0d86f0	DELETE	undefined	/api/v1/items/1
2024-06-18 12:10:11	0e7efbd7-e866-496c-9d63-526b5e9b15b8	GET	undefined	/api/v1/items
2024-06-18 12:10:11	5017bf88-84dd-4b60-babd-808563910929	POST	undefined	/api/v1/items
2024-06-18 12:10:11	4c359b67-7e33-4b71-b229-51e4c8785a23	PUT	undefined	/api/v1/items/1
2024-06-18 12:10:11	60b76b5c-1339-48e3-ae50-2fe9f6c1639b	DELETE	undefined	/api/v1/items/1
2024-06-18 12:10:45	2cf1e1b1-2a9b-49e1-b076-0045a71eec39	GET	undefined	/api/v1/items
2024-06-18 12:10:45	e6975bd9-af7d-4126-a2d0-213c6a215946	POST	undefined	/api/v1/items
2024-06-18 12:10:45	41093409-bd68-4112-8767-8d1c98489212	PUT	undefined	/api/v1/items/1
2024-06-18 12:10:45	b67ea168-5d4c-48fe-a0e1-baa58bc97ee8	DELETE	undefined	/api/v1/items/1
2024-06-18 12:11:58	7865ca19-b94d-4871-9aec-33a7585da338	GET	undefined	/api/v1/items
2024-06-18 12:11:58	2846ef76-8c21-46cd-a799-63051ba56d96	POST	undefined	/api/v1/items
2024-06-18 12:11:58	a67021c5-25d1-4bb6-9a5f-e4193d225f02	PUT	undefined	/api/v1/items/1
2024-06-18 12:11:58	fb7b166f-812c-45d9-bf1e-217c09c666fd	DELETE	undefined	/api/v1/items/1
2024-06-18 12:12:29	245bbe79-8357-4ce9-994e-1aa57f17ed27	GET	undefined	/api/v1/items
2024-06-18 12:12:29	90dbdbdc-b33d-4d96-8a5d-79045f32e2f1	POST	undefined	/api/v1/items
2024-06-18 12:12:29	02b66898-99fb-4e9c-833b-08c1c03055a3	PUT	undefined	/api/v1/items/1
2024-06-18 12:12:29	880d862c-3978-4bb7-8440-b795f2ba7306	DELETE	undefined	/api/v1/items/1
2024-06-18 12:13:04	11045767-f841-4b2d-9e64-96088f3e63ed	GET	undefined	/api/v1/items
2024-06-18 12:13:04	26c836c7-7e45-454a-a15b-95c210025036	POST	undefined	/api/v1/items
2024-06-18 12:13:04	e86591d7-20bd-4314-8592-58b9e8b4fda0	PUT	undefined	/api/v1/items/1
2024-06-18 12:13:04	2c089d88-a88f-46d8-8514-352adbd9c71d	DELETE	undefined	/api/v1/items/1
2024-06-18 12:15:12	8550f815-ec28-4b31-9426-a17cdd5d9961	GET	undefined	/api/v1/items
2024-06-18 12:15:12	ed546a0b-6b58-4381-aabd-f2eb876b4bb1	POST	undefined	/api/v1/items
2024-06-18 12:15:12	27942abd-5844-4c46-9a07-387a58fdf980	PUT	undefined	/api/v1/items/1
2024-06-18 12:15:12	f7ac7d5a-77f6-4196-8a00-322f7280130e	DELETE	undefined	/api/v1/items/1
2024-06-18 12:15:31	96fbb578-8498-4849-99de-a25478486d75	GET	undefined	/api/v1/items
2024-06-18 12:15:31	ab3e07ab-3c1b-4b4b-8dcf-5332bbc30e46	POST	undefined	/api/v1/items
2024-06-18 12:15:31	c4355d95-559c-4ac2-8caa-cd264ea94afa	PUT	undefined	/api/v1/items/1
2024-06-18 12:15:31	632d209c-31b1-45cf-8dfa-c1f361037922	DELETE	undefined	/api/v1/items/1
2024-06-18 12:18:16	5dcc38af-d034-4a87-a335-88e66fa5ef9b	GET	undefined	/api/v1/items
2024-06-18 12:18:16	b57450b3-8cec-40cb-8bec-dd0d7705a681	POST	undefined	/api/v1/items
2024-06-18 12:18:16	ef3f3ab7-537c-449e-9bb3-8a97273158cf	PUT	undefined	/api/v1/items/1
2024-06-18 12:18:16	f62d400c-1648-48fa-acc3-b7a178a2704b	DELETE	undefined	/api/v1/items/1
2024-06-18 12:20:43	040fd252-0b30-4ca3-b18f-cd710c210ef7	GET	undefined	/api/v1/items
2024-06-18 12:20:43	6651aff6-e28d-4cb7-a556-66c9911c9b63	POST	undefined	/api/v1/items
2024-06-18 12:20:43	0cc9d83a-f1c4-45d9-bd0b-1e5136cd0d27	PUT	undefined	/api/v1/items/1
2024-06-18 12:20:43	95cd8078-03bb-46d1-8364-dc28eea20b02	DELETE	undefined	/api/v1/items/1
2024-06-18 12:21:39	252ca2fd-62b9-482d-b411-baed783036fb	GET	undefined	/api/v1/items
2024-06-18 12:21:39	3e16d304-1fbe-480d-b4b4-ad9082523687	POST	undefined	/api/v1/items
2024-06-18 12:21:39	1596c7fe-d8ff-4b10-b727-0606eb18fad0	PUT	undefined	/api/v1/items/1
2024-06-18 12:21:39	5dfa4781-d1e8-44ca-b324-a41cef6d4742	DELETE	undefined	/api/v1/items/1
2024-06-18 12:23:07	476a288b-1d52-43a3-bfcf-78873f4e9ee5	GET	undefined	/api/v1/items
2024-06-18 12:23:07	eec26b5d-1070-4088-a5f0-7c74d381937e	POST	undefined	/api/v1/items
2024-06-18 12:23:07	79e275ff-afad-40b7-9de1-81c5a15f0753	PUT	undefined	/api/v1/items/1
2024-06-18 12:23:07	9504e907-760b-41f6-8a9e-f5990c5af18b	DELETE	undefined	/api/v1/items/1
2024-06-18 12:24:45	4a1851c9-09e1-4af0-988e-01a280a89429	GET	undefined	/api/v1/items
2024-06-18 12:24:45	c4c2dd1f-8219-4981-a4b2-0519537c985b	POST	undefined	/api/v1/items
2024-06-18 12:24:45	f0d2adb9-ceaa-49f8-9ef2-6f716d0be526	PUT	undefined	/api/v1/items/1
2024-06-18 12:24:45	dc50d48f-01d4-4e97-8e0a-dc15fb678f50	DELETE	undefined	/api/v1/items/1
2024-06-18 12:26:45	775dd69f-ae7f-40ca-b079-7e2a460cc98b	GET	undefined	/api/v1/items
2024-06-18 12:26:45	ffaf6d61-3360-462b-9e39-6e6864337471	POST	undefined	/api/v1/items
2024-06-18 12:26:45	bc239446-ffc4-437a-bb7a-e3c54cdde781	PUT	undefined	/api/v1/items/1
2024-06-18 12:26:45	3cbd0907-c5f0-408a-b914-002051f9cfd8	DELETE	undefined	/api/v1/items/1
2024-06-18 12:31:18	089282ea-19de-40c4-b420-a088b35ba6bc	GET	undefined	/
2024-06-18 12:31:18	6e6ad2d6-d143-4b45-a93e-82dda617cb19	GET	undefined	/favicon.ico
2024-06-18 12:31:20	cf6ec4fc-c89c-4ada-b24d-3565215320e5	GET	undefined	/api/v1/docs/
2024-06-18 12:31:20	efc55b38-c2d2-4f7a-9785-5439bdd875f0	GET	undefined	/api/v1/docs/swagger-ui.css
2024-06-18 12:31:20	f94dc3ca-fc5b-42d0-9efe-dd8a82bd16ac	GET	undefined	/api/v1/docs/swagger-ui-bundle.js
2024-06-18 12:31:20	9a2800e0-c04d-42db-a276-d84cf6c464ae	GET	undefined	/api/v1/docs/swagger-ui-standalone-preset.js
2024-06-18 12:31:20	f170377c-07c2-4d07-8ec1-dad639db33ff	GET	undefined	/api/v1/docs/swagger-ui-init.js
2024-06-18 12:31:24	f7691490-0f5f-4875-97f6-6360df520171	GET	undefined	/api/v1/items
2024-06-18 12:31:24	df110c46-4374-497e-ba74-064c8868b8a0	GET	undefined	/favicon.ico
2024-06-18 12:31:26	b53c6c65-2269-4355-9278-1a3274f6bdea	GET	undefined	/api/v1/items
2024-06-18 12:31:26	f63e3ceb-834b-4b25-8fa9-56ebcaa0067a	GET	undefined	/favicon.ico
2024-06-18 12:31:32	826f2ccf-3395-4688-b219-eaef5e07222c	GET	undefined	/api/v1/items
2024-06-18 12:31:32	019215f3-0b78-4619-ad87-dc8866f889bb	POST	undefined	/api/v1/items
2024-06-18 12:31:32	0115ce83-f705-44bb-a42d-0d9f8121db7e	PUT	undefined	/api/v1/items/1
2024-06-18 12:31:32	97702df7-17b4-4231-88a3-993e3b5de6a5	DELETE	undefined	/api/v1/items/1
2024-06-18 12:31:32	b5940092-8669-4fcb-88a7-5d2dfa8d0422	GET	undefined	/api/v1/items
2024-06-18 12:31:32	93e7045d-1b1f-44c8-aa81-46bb13ba174c	POST	undefined	/api/v1/items
2024-06-18 12:31:32	01eaa8ce-455e-446d-93dc-ae40b045f28c	POST	undefined	/api/v1/items
2024-06-18 12:31:32	cb2deb16-311a-4336-8aa9-5e99566a2732	PUT	undefined	/api/v1/items/1
2024-06-18 12:31:32	f57e15d8-b553-42aa-9f0b-429f0552ac03	DELETE	undefined	/api/v1/items/1
2024-06-18 12:42:08	44f89483-5e3f-46d6-aaf9-9115a7220b16	GET	undefined	/api/v1/items
2024-06-18 12:42:08	1c02aca6-d814-42b0-a38e-a79265429b77	GET	undefined	/favicon.ico
2024-06-18 12:42:34	55f73eba-e75e-4136-811c-c3920b1f169d	GET	undefined	/api/v1/items
2024-06-18 12:42:34	a89c6bd9-d17b-451c-b5ba-de82996cc38b	GET	undefined	/favicon.ico
2024-06-18 12:42:35	af7b1e4b-36cd-45fe-80ae-34c8af3c1af3	GET	undefined	/api/v1/items
2024-06-18 12:42:35	fd17f0ce-a404-481d-ba89-2b05e0ba1cf8	GET	undefined	/favicon.ico
2024-06-18 12:42:35	88b37f76-a96a-4c02-8cdb-6848cd6dba73	GET	undefined	/api/v1/items
2024-06-18 12:42:35	04dc4707-63db-484a-a001-b66fcead446b	GET	undefined	/favicon.ico
2024-06-18 12:43:10	c1a1af95-7ab5-46b4-b7f6-e87b5b6c8daa	GET	undefined	/api/v1/items
2024-06-18 12:43:10	e9288e30-c0d7-433a-8873-98ccf810b164	GET	undefined	/favicon.ico
2024-06-18 12:43:14	1fc19049-9af1-4dde-9f1f-7c497c7b8407	GET	undefined	/api/v1/docs/
2024-06-18 12:43:14	1c76f70c-8dd2-44f1-b692-17f35aa0936f	GET	undefined	/api/v1/docs/swagger-ui.css
2024-06-18 12:43:14	a1379d1a-a457-4970-91ed-038c22e8fc4b	GET	undefined	/api/v1/docs/swagger-ui-bundle.js
2024-06-18 12:43:14	c8552fe0-98a8-4b71-bedb-bf2a7c05f803	GET	undefined	/api/v1/docs/swagger-ui-standalone-preset.js
2024-06-18 12:43:14	8de2bee0-7727-4378-8934-0630c7a2f5fe	GET	undefined	/api/v1/docs/swagger-ui-init.js
2024-06-18 12:44:45	40bf9078-f529-4ddc-8889-b1f63a5d82bd	GET	undefined	/api/v1/docs/
2024-06-18 12:44:45	187438bd-0d99-4090-ab29-55f497a51fb1	GET	undefined	/api/v1/docs/swagger-ui.css
2024-06-18 12:44:45	18fc2fdd-5903-4c0b-8f7d-4ddeafbcf3eb	GET	undefined	/api/v1/docs/swagger-ui-bundle.js
2024-06-18 12:44:45	1a276ec9-7762-409e-aa96-618a6551124e	GET	undefined	/api/v1/docs/swagger-ui-standalone-preset.js
2024-06-18 12:44:45	1f098a79-c889-4adc-9aa8-e1317d05dc57	GET	undefined	/api/v1/docs/swagger-ui-init.js
2024-06-18 12:44:48	c4c1a9c0-166d-4039-8953-9d7981a54ea6	GET	undefined	/api/v1/items
2024-06-18 12:44:48	7d667d88-999d-4ec5-a112-99ed3907406d	GET	undefined	/favicon.ico
2024-06-18 12:45:12	4c8f00b8-831e-497a-9446-63c65e815462	POST	http://localhost	/api/v1/items
2024-06-18 12:45:13	48df6ced-d7a3-4db7-818c-e3af18749222	POST	http://localhost	/api/v1/items
2024-06-18 12:45:23	1fb1aac3-e0c5-48f7-a337-d5504a57ea9e	GET	undefined	/api/v1/items
2024-06-18 12:45:23	055836e6-b316-4db6-b465-7573a9cd1a9f	GET	undefined	/favicon.ico
2024-06-18 12:45:50	b5c23982-34f9-40d6-8061-ffa7fdb23c77	DELETE	http://localhost	/api/v1/items/0
2024-06-18 12:45:51	001c96df-6ae3-472a-b553-2bd84c8d810f	DELETE	http://localhost	/api/v1/items/0
2024-06-18 12:45:55	9df351e9-eb49-4f81-9a0c-2accb6c28a0e	GET	undefined	/api/v1/items
2024-06-18 12:45:55	e7aed7e6-1d11-499d-9492-33999868fe1b	GET	undefined	/favicon.ico
2024-06-18 12:46:07	591084c9-fbbb-47e7-bf15-52e74e2d82a5	POST	http://localhost	/api/v1/items
2024-06-18 12:46:16	dc868fe4-b3a6-485e-a273-826b5a4fca53	GET	undefined	/api/v1/items
2024-06-18 12:46:16	5ddbc9eb-63e8-43ad-8871-6135f001f0dc	GET	undefined	/favicon.ico
2024-06-18 12:46:27	8b9339b6-f4a5-4461-912d-7133b0cac4b4	DELETE	http://localhost	/api/v1/items/0
2024-06-18 12:46:32	51bd3e18-cce3-4012-ad9c-009fc5eecaee	GET	undefined	/api/v1/items
2024-06-18 12:46:32	996b9c06-42e3-4bd1-9d8a-6d3088911827	GET	undefined	/favicon.ico
2024-06-18 12:57:08	8da13b7a-7fe1-491e-9700-ae01df5b5eaf	GET	undefined	/api/v1/items
2024-06-18 12:57:08	928e2dd4-59c0-47ab-b671-32749785a547	GET	undefined	/favicon.ico
2024-06-18 12:57:09	94ecd7fa-067d-4fb5-9eb3-ebf91bfe1aeb	GET	undefined	/api/v1/items
2024-06-18 12:57:09	96613c46-daef-42c6-89ee-cb872f082d50	GET	undefined	/favicon.ico
2024-06-18 12:57:09	0351056d-1677-4ddc-932a-1d6f7708cd0d	GET	undefined	/api/v1/items
2024-06-18 12:57:09	77fc8c96-95d0-48f6-b6a7-2107b226feff	GET	undefined	/favicon.ico
2024-06-18 12:57:10	81030832-7859-4295-99a0-8cc19527b714	GET	undefined	/api/v1/items
2024-06-18 12:57:10	9a36683f-bbb1-4a40-a4fc-f50aac43535e	GET	undefined	/favicon.ico
2024-06-18 12:57:10	83cba24a-8cf0-4dfe-92f6-fc816abf4b32	GET	undefined	/api/v1/items
2024-06-18 12:57:10	455cd131-a330-459d-afdb-1f808471d8ed	GET	undefined	/favicon.ico
2024-06-18 12:57:11	d777f84a-b26e-451d-9b4e-b19b57471446	GET	undefined	/api/v1/items
2024-06-18 12:57:11	f72d3df2-497e-48b1-b9d7-28dd4449ea86	GET	undefined	/favicon.ico
